2024-02-29 13:40:56: INFO - Programa Codefix iniciado com sucesso
2024-02-29 13:41:00: INFO - Clonando repositório localizado em https://github.com/Lucas-Rocha2Ey/teste_sonarqube
2024-02-29 13:41:09: INFO - Repositório clonado com sucesso!
2024-02-29 13:41:09: INFO - Repositório foi clonado no diretório C:\Users\NZ366ES\OneDrive - EY\Documents\Assets\codefix\teste_sonarqube
2024-02-29 13:41:09: INFO - Arquivo sonar-project.properties já existe.
2024-02-29 13:41:09: INFO - Compactando C:\Users\NZ366ES\OneDrive - EY\Documents\Assets\codefix\teste_sonarqube no arquivo teste_sonarqube.zip
2024-02-29 13:41:10: INFO - Arquivo zip criado com sucesso
2024-02-29 13:41:44: INFO - Sonar Scanner executado com sucesso
2024-02-29 13:41:45: INFO - Resultados do scanner do repositório teste_sonarqube
2024-02-29 13:41:45: INFO - Codigo: codigo_simples_bug.py	Linha: 1	Issue: Remove the unused function parameter "b".
2024-02-29 13:41:45: INFO - Codigo: teste_erros.py	Linha: 21	Issue: Rename function "readFile" to match the regular expression ^[a-z_][a-z0-9_]*$.
2024-02-29 13:41:45: INFO - Codigo: teste_erros.py	Linha: 35	Issue: Rename this local variable "largeList" to match the regular expression ^[_a-z][a-z0-9_]*$.
2024-02-29 13:41:45: INFO - Codigo: codigo_errado.py	Linha: 4	Issue: Rename function "addBug" to match the regular expression ^[a-z_][a-z0-9_]*$.
2024-02-29 13:41:45: INFO - Codigo: codigo_errado.py	Linha: 10	Issue: Rename function "showVulnerability" to match the regular expression ^[a-z_][a-z0-9_]*$.
2024-02-29 13:41:45: INFO - Codigo: interface.py	Linha: 88	Issue: Remove this commented out code.
2024-02-29 13:41:45: INFO - Codigo: interface.py	Linha: 102	Issue: Remove this commented out code.
2024-02-29 13:41:45: INFO - Codigo: leitor_cnh_versao2.py	Linha: 12	Issue: Remove this commented out code.
2024-02-29 13:41:45: INFO - Codigo: leitor_cnh_versao2.py	Linha: 55	Issue: Remove this commented out code.
2024-02-29 13:41:45: INFO - Codigo: leitor_cnh_versao2.py	Linha: 203	Issue: Remove this commented out code.
2024-02-29 13:41:45: INFO - Código dos arquivos extraidos com sucesso
2024-02-29 13:42:11: INFO - Arquivo codigo_errado.py escrito com sucesso
2024-02-29 13:42:11: INFO - Arquivo codigo_simples_bug.py escrito com sucesso
2024-02-29 13:42:11: INFO - Arquivo interface.py escrito com sucesso
2024-02-29 13:42:11: INFO - Arquivo leitor_cnh_versao2.py escrito com sucesso
2024-02-29 13:42:11: INFO - Arquivo teste_erros.py escrito com sucesso
